<?xml version="1.0" encoding="UTF-8"?>
<!-- Generated by org.testng.reporters.JUnitXMLReporter -->
<testsuite hostname="TCD64" name="cross broser" tests="2" failures="0" timestamp="26 Sep 2018 11:03:40 GMT" time="45.329" errors="0">
  <testcase name="@BeforeClass setup" time="0.0" classname="selenium3.NewTest3">
    <failure type="org.openqa.selenium.WebDriverException" message="Failed to connect to binary FirefoxBinary(/usr/bin/firefox) on port 7055; process output follows: 
hed startup: XPIProvider
1537959776200	addons.manager	DEBUG	Starting provider: LightweightThemeManager
1537959776200	addons.manager	DEBUG	Registering shutdown blocker for LightweightThemeManager
1537959776201	addons.manager	DEBUG	Provider finished startup: LightweightThemeManager
1537959776201	addons.manager	DEBUG	Starting provider: GMPProvider
1537959776202	addons.manager	DEBUG	Registering shutdown blocker for GMPProvider
1537959776202	addons.manager	DEBUG	Provider finished startup: GMPProvider
1537959776202	addons.manager	DEBUG	Starting provider: PluginProvider
1537959776202	addons.manager	DEBUG	Registering shutdown blocker for PluginProvider
1537959776203	addons.manager	DEBUG	Provider finished startup: PluginProvider
1537959776204	addons.manager	DEBUG	Completed startup sequence
1537959776964	addons.repository	DEBUG	No addons.json found.
1537959777738	addons.xpi	DEBUG	Ignoring file: name is not a valid add-on ID: /tmp/anonymous6595856109351424245webdriver-profile/extensions/webdriver-staging
1537959777738	addons.xpi	DEBUG	Existing add-on activity-stream@mozilla.org in app-system-defaults
1537959777739	addons.xpi	DEBUG	Existing add-on aushelper@mozilla.org in app-system-defaults
1537959777739	addons.xpi	DEBUG	Existing add-on firefox@getpocket.com in app-system-defaults
1537959777739	addons.xpi	DEBUG	Existing add-on formautofill@mozilla.org in app-system-defaults
1537959777739	addons.xpi	DEBUG	Existing add-on onboarding@mozilla.org in app-system-defaults
1537959777739	addons.xpi	DEBUG	Existing add-on screenshots@mozilla.org in app-system-defaults
1537959777739	addons.xpi	DEBUG	Existing add-on webcompat-reporter@mozilla.org in app-system-defaults
1537959777739	addons.xpi	DEBUG	Existing add-on webcompat@mozilla.org in app-system-defaults
1537959777739	addons.xpi	DEBUG	scanForChanges changed: false, state: {}
JavaScript error: resource://gre/modules/addons/XPIProvider.jsm, line 2579: TypeError: addon is null
1537959777814	addons.xpi-utils	DEBUG	XPI Database saved, setting schema version preference to 27
1537959797757	addons.productaddons	INFO	sending request to: https://aus5.mozilla.org/update/3/GMP/62.0/20180913170346/Linux_x86_64-gcc3/null/release-cck-ubuntu/Linux%204.4.0-134-generic%20(GTK%203.18.9%2Clibpulse%208.0.0)/canonical/1.0/update.xml
1537959798998	addons.productaddons	INFO	Completed downloading document
1537959800793	addons.productaddons	INFO	downloadXHR File download. status=200
1537959800796	addons.productaddons	INFO	Downloaded file will be saved to /tmp/tmpaddon-14103c
1537959804253	addons.xpi	DEBUG	Calling bootstrap method shutdown on webcompat@mozilla.org version 2.0
1537959804253	addons.xpi	DEBUG	Calling bootstrap method shutdown on webcompat-reporter@mozilla.org version 1.0.0
1537959804254	addons.xpi	DEBUG	Calling bootstrap method shutdown on screenshots@mozilla.org version 33.0.0
1537959804257	addons.xpi	DEBUG	Calling bootstrap method shutdown on onboarding@mozilla.org version 1.0
1537959804257	addons.xpi	DEBUG	Calling bootstrap method shutdown on formautofill@mozilla.org version 1.0
1537959804257	addons.xpi	DEBUG	Calling bootstrap method shutdown on firefox@getpocket.com version 1.0.5
1537959804258	addons.xpi	DEBUG	Calling bootstrap method shutdown on aushelper@mozilla.org version 2.0
1537959804258	addons.xpi	DEBUG	Calling bootstrap method shutdown on activity-stream@mozilla.org version 2018.08.22.1219-93becf29
[Parent 26123, Gecko_IOThread] WARNING: pipe error (67): Connection reset by peer: file /build/firefox-8oo9jx/firefox-62.0+build2/ipc/chromium/src/chrome/common/ipc_channel_posix.cc, line 353
1537959804321	addons.manager	DEBUG	shutdown
1537959804322	addons.manager	DEBUG	Calling shutdown blocker for XPIProvider
1537959804322	addons.xpi	DEBUG	shutdown
1537959804322	addons.xpi-utils	DEBUG	shutdown
1537959804322	addons.manager	DEBUG	Calling shutdown blocker for LightweightThemeManager
1537959804322	addons.manager	DEBUG	Calling shutdown blocker for GMPProvider
1537959804322	addons.manager	DEBUG	Calling shutdown blocker for PluginProvider
1537959804329	addons.manager	DEBUG	Async provider shutdown done

Build info: version: &amp;apos;2.53.1&amp;apos;, revision: &amp;apos;a36b8b1cd5757287168e54b817830adce9b0158d&amp;apos;, time: &amp;apos;2016-06-30 19:26:09&amp;apos;
System info: host: &amp;apos;TCD64&amp;apos;, ip: &amp;apos;127.0.1.1&amp;apos;, os.name: &amp;apos;Linux&amp;apos;, os.arch: &amp;apos;amd64&amp;apos;, os.version: &amp;apos;4.4.0-134-generic&amp;apos;, java.version: &amp;apos;1.8.0_181&amp;apos;
Driver info: driver.version: FirefoxDriver">
      <![CDATA[org.openqa.selenium.WebDriverException: Failed to connect to binary FirefoxBinary(/usr/bin/firefox) on port 7055; process output follows: 
hed startup: XPIProvider
1537959776200	addons.manager	DEBUG	Starting provider: LightweightThemeManager
1537959776200	addons.manager	DEBUG	Registering shutdown blocker for LightweightThemeManager
1537959776201	addons.manager	DEBUG	Provider finished startup: LightweightThemeManager
1537959776201	addons.manager	DEBUG	Starting provider: GMPProvider
1537959776202	addons.manager	DEBUG	Registering shutdown blocker for GMPProvider
1537959776202	addons.manager	DEBUG	Provider finished startup: GMPProvider
1537959776202	addons.manager	DEBUG	Starting provider: PluginProvider
1537959776202	addons.manager	DEBUG	Registering shutdown blocker for PluginProvider
1537959776203	addons.manager	DEBUG	Provider finished startup: PluginProvider
1537959776204	addons.manager	DEBUG	Completed startup sequence
1537959776964	addons.repository	DEBUG	No addons.json found.
1537959777738	addons.xpi	DEBUG	Ignoring file: name is not a valid add-on ID: /tmp/anonymous6595856109351424245webdriver-profile/extensions/webdriver-staging
1537959777738	addons.xpi	DEBUG	Existing add-on activity-stream@mozilla.org in app-system-defaults
1537959777739	addons.xpi	DEBUG	Existing add-on aushelper@mozilla.org in app-system-defaults
1537959777739	addons.xpi	DEBUG	Existing add-on firefox@getpocket.com in app-system-defaults
1537959777739	addons.xpi	DEBUG	Existing add-on formautofill@mozilla.org in app-system-defaults
1537959777739	addons.xpi	DEBUG	Existing add-on onboarding@mozilla.org in app-system-defaults
1537959777739	addons.xpi	DEBUG	Existing add-on screenshots@mozilla.org in app-system-defaults
1537959777739	addons.xpi	DEBUG	Existing add-on webcompat-reporter@mozilla.org in app-system-defaults
1537959777739	addons.xpi	DEBUG	Existing add-on webcompat@mozilla.org in app-system-defaults
1537959777739	addons.xpi	DEBUG	scanForChanges changed: false, state: {}
JavaScript error: resource://gre/modules/addons/XPIProvider.jsm, line 2579: TypeError: addon is null
1537959777814	addons.xpi-utils	DEBUG	XPI Database saved, setting schema version preference to 27
1537959797757	addons.productaddons	INFO	sending request to: https://aus5.mozilla.org/update/3/GMP/62.0/20180913170346/Linux_x86_64-gcc3/null/release-cck-ubuntu/Linux%204.4.0-134-generic%20(GTK%203.18.9%2Clibpulse%208.0.0)/canonical/1.0/update.xml
1537959798998	addons.productaddons	INFO	Completed downloading document
1537959800793	addons.productaddons	INFO	downloadXHR File download. status=200
1537959800796	addons.productaddons	INFO	Downloaded file will be saved to /tmp/tmpaddon-14103c
1537959804253	addons.xpi	DEBUG	Calling bootstrap method shutdown on webcompat@mozilla.org version 2.0
1537959804253	addons.xpi	DEBUG	Calling bootstrap method shutdown on webcompat-reporter@mozilla.org version 1.0.0
1537959804254	addons.xpi	DEBUG	Calling bootstrap method shutdown on screenshots@mozilla.org version 33.0.0
1537959804257	addons.xpi	DEBUG	Calling bootstrap method shutdown on onboarding@mozilla.org version 1.0
1537959804257	addons.xpi	DEBUG	Calling bootstrap method shutdown on formautofill@mozilla.org version 1.0
1537959804257	addons.xpi	DEBUG	Calling bootstrap method shutdown on firefox@getpocket.com version 1.0.5
1537959804258	addons.xpi	DEBUG	Calling bootstrap method shutdown on aushelper@mozilla.org version 2.0
1537959804258	addons.xpi	DEBUG	Calling bootstrap method shutdown on activity-stream@mozilla.org version 2018.08.22.1219-93becf29
[Parent 26123, Gecko_IOThread] WARNING: pipe error (67): Connection reset by peer: file /build/firefox-8oo9jx/firefox-62.0+build2/ipc/chromium/src/chrome/common/ipc_channel_posix.cc, line 353
1537959804321	addons.manager	DEBUG	shutdown
1537959804322	addons.manager	DEBUG	Calling shutdown blocker for XPIProvider
1537959804322	addons.xpi	DEBUG	shutdown
1537959804322	addons.xpi-utils	DEBUG	shutdown
1537959804322	addons.manager	DEBUG	Calling shutdown blocker for LightweightThemeManager
1537959804322	addons.manager	DEBUG	Calling shutdown blocker for GMPProvider
1537959804322	addons.manager	DEBUG	Calling shutdown blocker for PluginProvider
1537959804329	addons.manager	DEBUG	Async provider shutdown done

Build info: version: '2.53.1', revision: 'a36b8b1cd5757287168e54b817830adce9b0158d', time: '2016-06-30 19:26:09'
System info: host: 'TCD64', ip: '127.0.1.1', os.name: 'Linux', os.arch: 'amd64', os.version: '4.4.0-134-generic', java.version: '1.8.0_181'
Driver info: driver.version: FirefoxDriver
	at org.openqa.selenium.firefox.internal.NewProfileExtensionConnection.start(NewProfileExtensionConnection.java:125)
	at org.openqa.selenium.firefox.FirefoxDriver.startClient(FirefoxDriver.java:271)
	at org.openqa.selenium.remote.RemoteWebDriver.<init>(RemoteWebDriver.java:119)
	at org.openqa.selenium.firefox.FirefoxDriver.<init>(FirefoxDriver.java:216)
	at org.openqa.selenium.firefox.FirefoxDriver.<init>(FirefoxDriver.java:211)
	at org.openqa.selenium.firefox.FirefoxDriver.<init>(FirefoxDriver.java:207)
	at org.openqa.selenium.firefox.FirefoxDriver.<init>(FirefoxDriver.java:120)
	at selenium3.NewTest3.setup(NewTest3.java:45)
Caused by: org.openqa.selenium.firefox.NotConnectedException: Unable to connect to host 127.0.0.1 on port 7055 after 45000 ms. Firefox console output:
hed startup: XPIProvider
1537959776200	addons.manager	DEBUG	Starting provider: LightweightThemeManager
1537959776200	addons.manager	DEBUG	Registering shutdown blocker for LightweightThemeManager
1537959776201	addons.manager	DEBUG	Provider finished startup: LightweightThemeManager
1537959776201	addons.manager	DEBUG	Starting provider: GMPProvider
1537959776202	addons.manager	DEBUG	Registering shutdown blocker for GMPProvider
1537959776202	addons.manager	DEBUG	Provider finished startup: GMPProvider
1537959776202	addons.manager	DEBUG	Starting provider: PluginProvider
1537959776202	addons.manager	DEBUG	Registering shutdown blocker for PluginProvider
1537959776203	addons.manager	DEBUG	Provider finished startup: PluginProvider
1537959776204	addons.manager	DEBUG	Completed startup sequence
1537959776964	addons.repository	DEBUG	No addons.json found.
1537959777738	addons.xpi	DEBUG	Ignoring file: name is not a valid add-on ID: /tmp/anonymous6595856109351424245webdriver-profile/extensions/webdriver-staging
1537959777738	addons.xpi	DEBUG	Existing add-on activity-stream@mozilla.org in app-system-defaults
1537959777739	addons.xpi	DEBUG	Existing add-on aushelper@mozilla.org in app-system-defaults
1537959777739	addons.xpi	DEBUG	Existing add-on firefox@getpocket.com in app-system-defaults
1537959777739	addons.xpi	DEBUG	Existing add-on formautofill@mozilla.org in app-system-defaults
1537959777739	addons.xpi	DEBUG	Existing add-on onboarding@mozilla.org in app-system-defaults
1537959777739	addons.xpi	DEBUG	Existing add-on screenshots@mozilla.org in app-system-defaults
1537959777739	addons.xpi	DEBUG	Existing add-on webcompat-reporter@mozilla.org in app-system-defaults
1537959777739	addons.xpi	DEBUG	Existing add-on webcompat@mozilla.org in app-system-defaults
1537959777739	addons.xpi	DEBUG	scanForChanges changed: false, state: {}
JavaScript error: resource://gre/modules/addons/XPIProvider.jsm, line 2579: TypeError: addon is null
1537959777814	addons.xpi-utils	DEBUG	XPI Database saved, setting schema version preference to 27
1537959797757	addons.productaddons	INFO	sending request to: https://aus5.mozilla.org/update/3/GMP/62.0/20180913170346/Linux_x86_64-gcc3/null/release-cck-ubuntu/Linux%204.4.0-134-generic%20(GTK%203.18.9%2Clibpulse%208.0.0)/canonical/1.0/update.xml
1537959798998	addons.productaddons	INFO	Completed downloading document
1537959800793	addons.productaddons	INFO	downloadXHR File download. status=200
1537959800796	addons.productaddons	INFO	Downloaded file will be saved to /tmp/tmpaddon-14103c
1537959804253	addons.xpi	DEBUG	Calling bootstrap method shutdown on webcompat@mozilla.org version 2.0
1537959804253	addons.xpi	DEBUG	Calling bootstrap method shutdown on webcompat-reporter@mozilla.org version 1.0.0
1537959804254	addons.xpi	DEBUG	Calling bootstrap method shutdown on screenshots@mozilla.org version 33.0.0
1537959804257	addons.xpi	DEBUG	Calling bootstrap method shutdown on onboarding@mozilla.org version 1.0
1537959804257	addons.xpi	DEBUG	Calling bootstrap method shutdown on formautofill@mozilla.org version 1.0
1537959804257	addons.xpi	DEBUG	Calling bootstrap method shutdown on firefox@getpocket.com version 1.0.5
1537959804258	addons.xpi	DEBUG	Calling bootstrap method shutdown on aushelper@mozilla.org version 2.0
1537959804258	addons.xpi	DEBUG	Calling bootstrap method shutdown on activity-stream@mozilla.org version 2018.08.22.1219-93becf29
[Parent 26123, Gecko_IOThread] WARNING: pipe error (67): Connection reset by peer: file /build/firefox-8oo9jx/firefox-62.0+build2/ipc/chromium/src/chrome/common/ipc_channel_posix.cc, line 353
1537959804321	addons.manager	DEBUG	shutdown
1537959804322	addons.manager	DEBUG	Calling shutdown blocker for XPIProvider
1537959804322	addons.xpi	DEBUG	shutdown
1537959804322	addons.xpi-utils	DEBUG	shutdown
1537959804322	addons.manager	DEBUG	Calling shutdown blocker for LightweightThemeManager
1537959804322	addons.manager	DEBUG	Calling shutdown blocker for GMPProvider
1537959804322	addons.manager	DEBUG	Calling shutdown blocker for PluginProvider
1537959804329	addons.manager	DEBUG	Async provider shutdown done

	at org.openqa.selenium.firefox.internal.NewProfileExtensionConnection.start(NewProfileExtensionConnection.java:113)
	... 31 more
... Removed 24 stack frames]]>
    </failure>
  </testcase> <!-- @BeforeClass setup -->
  <testcase name="@AfterClass afterClass" time="0.0" classname="selenium3.NewTest3">
    <skipped/>
  </testcase> <!-- @AfterClass afterClass -->
  <testcase name="loginOemAdmin" time="0.001" classname="selenium3.NewTest3">
    <skipped/>
  </testcase> <!-- loginOemAdmin -->
  <testcase name="oemAdminCheckingAllModules" time="0.001" classname="selenium3.NewTest3">
    <skipped/>
  </testcase> <!-- oemAdminCheckingAllModules -->
</testsuite> <!-- cross broser -->
