<?xml version="1.0" encoding="UTF-8"?>
<!-- Generated by org.testng.reporters.JUnitXMLReporter -->
<testsuite hostname="TCD64" name="Test" tests="5" failures="0" timestamp="27 Sep 2018 05:29:39 GMT" time="66.671" errors="0">
  <testcase name="checkFields" time="0.06" classname="Salus.salus.backOffice.NewTest"/>
  <testcase name="erifyForgot_Password" time="19.961" classname="Salus.salus.backOffice.NewTest"/>
  <testcase name="profieName" time="26.555" classname="Salus.salus.backOffice.NewTest"/>
  <testcase name="testUrl" time="8.771" classname="Salus.salus.backOffice.NewTest"/>
  <testcase name="test_Login" time="10.413" classname="Salus.salus.backOffice.NewTest"/>
</testsuite> <!-- Test -->
