<?xml version="1.0" encoding="UTF-8"?>
<testng-results skipped="0" failed="0" total="2" passed="2">
  <reporter-output>
  </reporter-output>
  <suite name="Suite" duration-ms="7952" started-at="2018-09-10T09:32:29Z" finished-at="2018-09-10T09:32:37Z">
    <groups>
    </groups>
    <test name="Test" duration-ms="7952" started-at="2018-09-10T09:32:29Z" finished-at="2018-09-10T09:32:37Z">
      <class name="Salus.salus.backOffice.NewTest">
        <test-method status="PASS" signature="beforeClass()[pri:0, instance:Salus.salus.backOffice.NewTest@5315b42e]" name="beforeClass" is-config="true" duration-ms="767" started-at="2018-09-10T15:02:29Z" finished-at="2018-09-10T15:02:30Z">
          <reporter-output>
          </reporter-output>
        </test-method> <!-- beforeClass -->
        <test-method status="PASS" signature="f()[pri:0, instance:Salus.salus.backOffice.NewTest@5315b42e]" name="f" duration-ms="1" started-at="2018-09-10T15:02:30Z" finished-at="2018-09-10T15:02:30Z">
          <reporter-output>
          </reporter-output>
        </test-method> <!-- f -->
        <test-method status="PASS" signature="test_Login()[pri:0, instance:Salus.salus.backOffice.NewTest@5315b42e]" name="test_Login" duration-ms="7172" started-at="2018-09-10T15:02:30Z" finished-at="2018-09-10T15:02:37Z">
          <reporter-output>
          </reporter-output>
        </test-method> <!-- test_Login -->
        <test-method status="PASS" signature="afterClass()[pri:0, instance:Salus.salus.backOffice.NewTest@5315b42e]" name="afterClass" is-config="true" duration-ms="0" started-at="2018-09-10T15:02:37Z" finished-at="2018-09-10T15:02:37Z">
          <reporter-output>
          </reporter-output>
        </test-method> <!-- afterClass -->
      </class> <!-- Salus.salus.backOffice.NewTest -->
    </test> <!-- Test -->
  </suite> <!-- Suite -->
</testng-results>
