<?xml version="1.0" encoding="UTF-8"?>
<testng-results skipped="0" failed="1" total="10" passed="9">
  <reporter-output>
  </reporter-output>
  <suite name="Default suite" duration-ms="152632" started-at="2018-09-27T06:16:44Z" finished-at="2018-09-27T06:19:16Z">
    <groups>
    </groups>
    <test name="Default test" duration-ms="152632" started-at="2018-09-27T06:16:44Z" finished-at="2018-09-27T06:19:16Z">
      <class name="selenium1.NewTest1">
        <test-method status="PASS" signature="beforeClass()[pri:0, instance:selenium1.NewTest1@73ad2d6]" name="beforeClass" is-config="true" duration-ms="810" started-at="2018-09-27T11:46:44Z" finished-at="2018-09-27T11:46:44Z">
          <reporter-output>
          </reporter-output>
        </test-method> <!-- beforeClass -->
        <test-method status="PASS" signature="loginUsingWrongCredentials()[pri:0, instance:selenium1.NewTest1@73ad2d6]" name="loginUsingWrongCredentials" duration-ms="15582" started-at="2018-09-27T11:46:44Z" finished-at="2018-09-27T11:47:00Z">
          <reporter-output>
          </reporter-output>
        </test-method> <!-- loginUsingWrongCredentials -->
        <test-method status="PASS" signature="verifyEmailId()[pri:0, instance:selenium1.NewTest1@73ad2d6]" name="verifyEmailId" duration-ms="5757" started-at="2018-09-27T11:47:00Z" finished-at="2018-09-27T11:47:06Z">
          <reporter-output>
          </reporter-output>
        </test-method> <!-- verifyEmailId -->
        <test-method status="PASS" signature="afterClass()[pri:0, instance:selenium1.NewTest1@73ad2d6]" name="afterClass" is-config="true" duration-ms="72" started-at="2018-09-27T11:47:06Z" finished-at="2018-09-27T11:47:06Z">
          <reporter-output>
          </reporter-output>
        </test-method> <!-- afterClass -->
      </class> <!-- selenium1.NewTest1 -->
      <class name="Salus.salus.backOffice.NewTest">
        <test-method status="PASS" signature="beforeClass()[pri:0, instance:Salus.salus.backOffice.NewTest@13deb50e]" name="beforeClass" is-config="true" duration-ms="385" started-at="2018-09-27T11:47:46Z" finished-at="2018-09-27T11:47:46Z">
          <reporter-output>
          </reporter-output>
        </test-method> <!-- beforeClass -->
        <test-method status="PASS" signature="checkFields()[pri:0, instance:Salus.salus.backOffice.NewTest@13deb50e]" name="checkFields" duration-ms="47" started-at="2018-09-27T11:47:46Z" finished-at="2018-09-27T11:47:46Z">
          <reporter-output>
          </reporter-output>
        </test-method> <!-- checkFields -->
        <test-method status="PASS" signature="erifyForgot_Password()[pri:0, instance:Salus.salus.backOffice.NewTest@13deb50e]" name="erifyForgot_Password" duration-ms="19515" started-at="2018-09-27T11:47:46Z" finished-at="2018-09-27T11:48:06Z">
          <reporter-output>
          </reporter-output>
        </test-method> <!-- erifyForgot_Password -->
        <test-method status="PASS" signature="profieName()[pri:0, instance:Salus.salus.backOffice.NewTest@13deb50e]" name="profieName" duration-ms="26602" started-at="2018-09-27T11:48:06Z" finished-at="2018-09-27T11:48:32Z">
          <reporter-output>
          </reporter-output>
        </test-method> <!-- profieName -->
        <test-method status="PASS" signature="testUrl()[pri:0, instance:Salus.salus.backOffice.NewTest@13deb50e]" name="testUrl" duration-ms="8937" started-at="2018-09-27T11:48:32Z" finished-at="2018-09-27T11:48:41Z">
          <reporter-output>
          </reporter-output>
        </test-method> <!-- testUrl -->
        <test-method status="PASS" signature="test_Login()[pri:0, instance:Salus.salus.backOffice.NewTest@13deb50e]" name="test_Login" duration-ms="10460" started-at="2018-09-27T11:48:41Z" finished-at="2018-09-27T11:48:52Z">
          <reporter-output>
          </reporter-output>
        </test-method> <!-- test_Login -->
        <test-method status="PASS" signature="afterClass()[pri:0, instance:Salus.salus.backOffice.NewTest@13deb50e]" name="afterClass" is-config="true" duration-ms="80" started-at="2018-09-27T11:48:52Z" finished-at="2018-09-27T11:48:52Z">
          <reporter-output>
          </reporter-output>
        </test-method> <!-- afterClass -->
      </class> <!-- Salus.salus.backOffice.NewTest -->
      <class name="selenium3.NewTest3">
        <test-method status="PASS" signature="beforeClass()[pri:0, instance:selenium3.NewTest3@3fee9989]" name="beforeClass" is-config="true" duration-ms="482" started-at="2018-09-27T11:48:52Z" finished-at="2018-09-27T11:48:52Z">
          <reporter-output>
          </reporter-output>
        </test-method> <!-- beforeClass -->
        <test-method status="PASS" signature="loginOemAdmin()[pri:0, instance:selenium3.NewTest3@3fee9989]" name="loginOemAdmin" duration-ms="19592" started-at="2018-09-27T11:48:52Z" finished-at="2018-09-27T11:49:12Z">
          <reporter-output>
          </reporter-output>
        </test-method> <!-- loginOemAdmin -->
        <test-method status="FAIL" signature="oemAdminCheckingAllModules()[pri:0, instance:selenium3.NewTest3@3fee9989]" name="oemAdminCheckingAllModules" duration-ms="4338" started-at="2018-09-27T11:49:12Z" finished-at="2018-09-27T11:49:16Z">
          <exception class="org.openqa.selenium.WebDriverException">
            <message>
              <![CDATA[unknown error: Element <a class="pointer ng-scope" translate="salus.navbar.deviceManagemet" tabindex="0" customhref="deviceManagement" ng-hide="userStatus === 0">...</a> is not clickable at point (502, 20). Other element would receive the click: <div loading-spinner-directive="" spinner-text="" ng-class="{'overlay-container': loadingSpinner.showOverlay}" overlay-class="loadingSpinner.showOverlay" ng-show="loadingSpinner.isVisible" class="ng-isolate-scope overlay-container">...</div>
  (Session info: chrome=69.0.3497.81)
  (Driver info: chromedriver=2.41.578700 (2f1ed5f9343c13f73144538f15c00b370eda6706),platform=Linux 4.4.0-134-generic x86_64) (WARNING: The server did not provide any stacktrace information)
Command duration or timeout: 57 milliseconds
Build info: version: '2.53.1', revision: 'a36b8b1cd5757287168e54b817830adce9b0158d', time: '2016-06-30 19:26:09'
System info: host: 'TCD64', ip: '127.0.1.1', os.name: 'Linux', os.arch: 'amd64', os.version: '4.4.0-134-generic', java.version: '1.8.0_181'
Driver info: org.openqa.selenium.chrome.ChromeDriver
Capabilities [{mobileEmulationEnabled=false, hasTouchScreen=false, platform=LINUX, acceptSslCerts=false, goog:chromeOptions={debuggerAddress=localhost:41063}, acceptInsecureCerts=false, webStorageEnabled=true, browserName=chrome, takesScreenshot=true, javascriptEnabled=true, setWindowRect=true, unexpectedAlertBehaviour=, applicationCacheEnabled=false, rotatable=false, networkConnectionEnabled=false, chrome={chromedriverVersion=2.41.578700 (2f1ed5f9343c13f73144538f15c00b370eda6706), userDataDir=/tmp/.org.chromium.Chromium.0opJEi}, takesHeapSnapshot=true, pageLoadStrategy=normal, databaseEnabled=false, handlesAlerts=true, version=69.0.3497.81, browserConnectionEnabled=false, nativeEvents=true, locationContextEnabled=true, cssSelectorsEnabled=true}]
Session ID: 7fe406e00ff338e2dd9af0f950c29d13]]>
            </message>
            <full-stacktrace>
              <![CDATA[org.openqa.selenium.WebDriverException: unknown error: Element <a class="pointer ng-scope" translate="salus.navbar.deviceManagemet" tabindex="0" customhref="deviceManagement" ng-hide="userStatus === 0">...</a> is not clickable at point (502, 20). Other element would receive the click: <div loading-spinner-directive="" spinner-text="" ng-class="{'overlay-container': loadingSpinner.showOverlay}" overlay-class="loadingSpinner.showOverlay" ng-show="loadingSpinner.isVisible" class="ng-isolate-scope overlay-container">...</div>
  (Session info: chrome=69.0.3497.81)
  (Driver info: chromedriver=2.41.578700 (2f1ed5f9343c13f73144538f15c00b370eda6706),platform=Linux 4.4.0-134-generic x86_64) (WARNING: The server did not provide any stacktrace information)
Command duration or timeout: 57 milliseconds
Build info: version: '2.53.1', revision: 'a36b8b1cd5757287168e54b817830adce9b0158d', time: '2016-06-30 19:26:09'
System info: host: 'TCD64', ip: '127.0.1.1', os.name: 'Linux', os.arch: 'amd64', os.version: '4.4.0-134-generic', java.version: '1.8.0_181'
Driver info: org.openqa.selenium.chrome.ChromeDriver
Capabilities [{mobileEmulationEnabled=false, hasTouchScreen=false, platform=LINUX, acceptSslCerts=false, goog:chromeOptions={debuggerAddress=localhost:41063}, acceptInsecureCerts=false, webStorageEnabled=true, browserName=chrome, takesScreenshot=true, javascriptEnabled=true, setWindowRect=true, unexpectedAlertBehaviour=, applicationCacheEnabled=false, rotatable=false, networkConnectionEnabled=false, chrome={chromedriverVersion=2.41.578700 (2f1ed5f9343c13f73144538f15c00b370eda6706), userDataDir=/tmp/.org.chromium.Chromium.0opJEi}, takesHeapSnapshot=true, pageLoadStrategy=normal, databaseEnabled=false, handlesAlerts=true, version=69.0.3497.81, browserConnectionEnabled=false, nativeEvents=true, locationContextEnabled=true, cssSelectorsEnabled=true}]
Session ID: 7fe406e00ff338e2dd9af0f950c29d13
	at sun.reflect.NativeConstructorAccessorImpl.newInstance0(Native Method)
	at sun.reflect.NativeConstructorAccessorImpl.newInstance(NativeConstructorAccessorImpl.java:62)
	at sun.reflect.DelegatingConstructorAccessorImpl.newInstance(DelegatingConstructorAccessorImpl.java:45)
	at java.lang.reflect.Constructor.newInstance(Constructor.java:423)
	at org.openqa.selenium.remote.ErrorHandler.createThrowable(ErrorHandler.java:206)
	at org.openqa.selenium.remote.ErrorHandler.throwIfResponseFailed(ErrorHandler.java:158)
	at org.openqa.selenium.remote.RemoteWebDriver.execute(RemoteWebDriver.java:678)
	at org.openqa.selenium.remote.RemoteWebElement.execute(RemoteWebElement.java:327)
	at org.openqa.selenium.remote.RemoteWebElement.click(RemoteWebElement.java:85)
	at selenium3.NewTest3.oemAdminCheckingAllModules(NewTest3.java:117)
	at sun.reflect.NativeMethodAccessorImpl.invoke0(Native Method)
	at sun.reflect.NativeMethodAccessorImpl.invoke(NativeMethodAccessorImpl.java:62)
	at sun.reflect.DelegatingMethodAccessorImpl.invoke(DelegatingMethodAccessorImpl.java:43)
	at java.lang.reflect.Method.invoke(Method.java:498)
	at org.testng.internal.MethodInvocationHelper.invokeMethod(MethodInvocationHelper.java:80)
	at org.testng.internal.Invoker.invokeMethod(Invoker.java:714)
	at org.testng.internal.Invoker.invokeTestMethod(Invoker.java:901)
	at org.testng.internal.Invoker.invokeTestMethods(Invoker.java:1231)
	at org.testng.internal.TestMethodWorker.invokeTestMethods(TestMethodWorker.java:127)
	at org.testng.internal.TestMethodWorker.run(TestMethodWorker.java:111)
	at org.testng.TestRunner.privateRun(TestRunner.java:767)
	at org.testng.TestRunner.run(TestRunner.java:617)
	at org.testng.SuiteRunner.runTest(SuiteRunner.java:334)
	at org.testng.SuiteRunner.runSequentially(SuiteRunner.java:329)
	at org.testng.SuiteRunner.privateRun(SuiteRunner.java:291)
	at org.testng.SuiteRunner.run(SuiteRunner.java:240)
	at org.testng.SuiteRunnerWorker.runSuite(SuiteRunnerWorker.java:52)
	at org.testng.SuiteRunnerWorker.run(SuiteRunnerWorker.java:86)
	at org.testng.TestNG.runSuitesSequentially(TestNG.java:1198)
	at org.testng.TestNG.runSuitesLocally(TestNG.java:1123)
	at org.testng.TestNG.run(TestNG.java:1031)
	at org.testng.remote.AbstractRemoteTestNG.run(AbstractRemoteTestNG.java:114)
	at org.testng.remote.RemoteTestNG.initAndRun(RemoteTestNG.java:251)
	at org.testng.remote.RemoteTestNG.main(RemoteTestNG.java:77)
]]>
            </full-stacktrace>
          </exception> <!-- org.openqa.selenium.WebDriverException -->
          <reporter-output>
          </reporter-output>
        </test-method> <!-- oemAdminCheckingAllModules -->
        <test-method status="PASS" signature="afterClass()[pri:0, instance:selenium3.NewTest3@3fee9989]" name="afterClass" is-config="true" duration-ms="77" started-at="2018-09-27T11:49:16Z" finished-at="2018-09-27T11:49:16Z">
          <reporter-output>
          </reporter-output>
        </test-method> <!-- afterClass -->
      </class> <!-- selenium3.NewTest3 -->
      <class name="selenium2.NewTest2">
        <test-method status="PASS" signature="beforeClass()[pri:0, instance:selenium2.NewTest2@2f686d1f]" name="beforeClass" is-config="true" duration-ms="385" started-at="2018-09-27T11:47:06Z" finished-at="2018-09-27T11:47:06Z">
          <reporter-output>
          </reporter-output>
        </test-method> <!-- beforeClass -->
        <test-method status="PASS" signature="Dashboard()[pri:0, instance:selenium2.NewTest2@2f686d1f]" name="Dashboard" duration-ms="39404" started-at="2018-09-27T11:47:06Z" finished-at="2018-09-27T11:47:46Z">
          <reporter-output>
          </reporter-output>
        </test-method> <!-- Dashboard -->
        <test-method status="PASS" signature="afterClass()[pri:0, instance:selenium2.NewTest2@2f686d1f]" name="afterClass" is-config="true" duration-ms="74" started-at="2018-09-27T11:47:46Z" finished-at="2018-09-27T11:47:46Z">
          <reporter-output>
          </reporter-output>
        </test-method> <!-- afterClass -->
      </class> <!-- selenium2.NewTest2 -->
    </test> <!-- Default test -->
  </suite> <!-- Default suite -->
</testng-results>
